<?xml version="1.0" encoding="UTF-8"?>
<testsuite name="uTest Project" tests="1" skipped="0" failures="0" errors="0" timestamp="2022-06-01T04:00:09" hostname="DESKTOP-M5RDM69" time="38.678">
  <properties/>
  <testcase name="Create a new user" classname="uTest Project" time="38.678"/>
  <system-out><![CDATA[]]></system-out>
  <system-err><![CDATA[[Test worker] WARN net.thucydides.core.steps.BaseStepListener - stepStarted: net.thucydides.core.steps.ExecutedStepDescription@7a98d3bd
[Test worker] WARN net.thucydides.core.steps.BaseStepListener - stepStarted: net.thucydides.core.steps.ExecutedStepDescription@48e52b4b
[Test worker] WARN net.thucydides.core.steps.BaseStepListener - stepStarted: net.thucydides.core.steps.ExecutedStepDescription@d15c705
May 31, 2022 11:00:10 PM org.openqa.selenium.remote.DesiredCapabilities chrome
INFO: Using `new ChromeOptions()` is preferred to `DesiredCapabilities.chrome()`
[Test worker] INFO net.serenitybdd.core.webdriver.driverproviders.ProvideNewDriver - Instantiating driver
[Test worker] INFO net.serenitybdd.core.webdriver.driverproviders.ProvideNewDriver - Driver capabilities: Capabilities {acceptInsecureCerts: false, browserName: chrome, chrome.switches: --start-maximized, goog:chromeOptions: {args: [--start-maximized], extensions: []}, loggingPrefs: org.openqa.selenium.logging..., platform: ANY, version: }
Starting ChromeDriver 101.0.4951.41 (93c720db8323b3ec10d056025ab95c23a31997c9-refs/branch-heads/4951@{#904}) on port 14202
Only local connections are allowed.
Please see https://chromedriver.chromium.org/security-considerations for suggestions on keeping ChromeDriver safe.
ChromeDriver was started successfully.
[1654056013.741][WARNING]: This version of ChromeDriver has not been tested with Chrome version 102.
May 31, 2022 11:00:13 PM org.openqa.selenium.remote.ProtocolHandshake createSession
INFO: Detected dialect: W3C
[Test worker] WARN net.thucydides.core.steps.BaseStepListener - stepFinished: current outcome:Create a new user:Given that jose wants to create a new user in uTest website [Jose open up [Jose opens the U test page]]
[Test worker] WARN net.thucydides.core.steps.BaseStepListener - stepFinished: current outcome:Create a new user:Given that jose wants to create a new user in uTest website [Jose open up [Jose opens the U test page]]
[Test worker] WARN net.thucydides.core.steps.BaseStepListener - stepFinished: current outcome:Create a new user:Given that jose wants to create a new user in uTest website [Jose open up [Jose opens the U test page]]
[Test worker] WARN net.thucydides.core.steps.BaseStepListener - stepStarted: net.thucydides.core.steps.ExecutedStepDescription@21e3c419
[Test worker] WARN net.thucydides.core.steps.BaseStepListener - stepStarted: net.thucydides.core.steps.ExecutedStepDescription@2f999c3d
[Test worker] WARN net.thucydides.core.steps.BaseStepListener - stepStarted: net.thucydides.core.steps.ExecutedStepDescription@696198a4
[Test worker] WARN net.thucydides.core.steps.BaseStepListener - stepFinished: current outcome:Create a new user:Given that jose wants to create a new user in uTest website [Jose open up [Jose opens the U test page]], When he fills out the form to create a new user [Jose sign up [Jose clicks on button that shows us the application form to sign up]]
[Test worker] WARN net.thucydides.core.steps.BaseStepListener - stepStarted: net.thucydides.core.steps.ExecutedStepDescription@6cc70823
[Test worker] WARN net.thucydides.core.steps.BaseStepListener - stepFinished: current outcome:Create a new user:Given that jose wants to create a new user in uTest website [Jose open up [Jose opens the U test page]], When he fills out the form to create a new user [Jose sign up [Jose clicks on button that shows us the application form to sign up, Jose enters 'Jose' into where Jose writes his first name]]
[Test worker] WARN net.thucydides.core.steps.BaseStepListener - stepStarted: net.thucydides.core.steps.ExecutedStepDescription@3c10ece2
[Test worker] WARN net.thucydides.core.steps.BaseStepListener - stepFinished: current outcome:Create a new user:Given that jose wants to create a new user in uTest website [Jose open up [Jose opens the U test page]], When he fills out the form to create a new user [Jose sign up [Jose clicks on button that shows us the application form to sign up, Jose enters 'Jose' into where Jose writes his first name, Jose enters 'Rodriguez' into where Jose writes his name]]
[Test worker] WARN net.thucydides.core.steps.BaseStepListener - stepStarted: net.thucydides.core.steps.ExecutedStepDescription@6e8eb0cf
[Test worker] WARN net.thucydides.core.steps.BaseStepListener - stepFinished: current outcome:Create a new user:Given that jose wants to create a new user in uTest website [Jose open up [Jose opens the U test page]], When he fills out the form to create a new user [Jose sign up [Jose clicks on button that shows us the application form to sign up, Jose enters 'Jose' into where Jose writes his first name, Jose enters 'Rodriguez' into where Jose writes his name, Jose enters 'ProfesorJose477458857JR4@gmail.com' into where Jose writes his email]]
[Test worker] WARN net.thucydides.core.steps.BaseStepListener - stepStarted: net.thucydides.core.steps.ExecutedStepDescription@30853f85
[Test worker] WARN net.thucydides.core.steps.BaseStepListener - stepFinished: current outcome:Create a new user:Given that jose wants to create a new user in uTest website [Jose open up [Jose opens the U test page]], When he fills out the form to create a new user [Jose sign up [Jose clicks on button that shows us the application form to sign up, Jose enters 'Jose' into where Jose writes his first name, Jose enters 'Rodriguez' into where Jose writes his name, Jose enters 'ProfesorJose477458857JR4@gmail.com' into where Jose writes his email, Jose select September on where Jose selects his birth month]]
[Test worker] WARN net.thucydides.core.steps.BaseStepListener - stepStarted: net.thucydides.core.steps.ExecutedStepDescription@192a47e6
[Test worker] WARN net.thucydides.core.steps.BaseStepListener - stepFinished: current outcome:Create a new user:Given that jose wants to create a new user in uTest website [Jose open up [Jose opens the U test page]], When he fills out the form to create a new user [Jose sign up [Jose clicks on button that shows us the application form to sign up, Jose enters 'Jose' into where Jose writes his first name, Jose enters 'Rodriguez' into where Jose writes his name, Jose enters 'ProfesorJose477458857JR4@gmail.com' into where Jose writes his email, Jose select September on where Jose selects his birth month, Jose select 7 on where Jose selects his birth day]]
[Test worker] WARN net.thucydides.core.steps.BaseStepListener - stepStarted: net.thucydides.core.steps.ExecutedStepDescription@ab26ea0
[Test worker] WARN net.thucydides.core.steps.BaseStepListener - stepFinished: current outcome:Create a new user:Given that jose wants to create a new user in uTest website [Jose open up [Jose opens the U test page]], When he fills out the form to create a new user [Jose sign up [Jose clicks on button that shows us the application form to sign up, Jose enters 'Jose' into where Jose writes his first name, Jose enters 'Rodriguez' into where Jose writes his name, Jose enters 'ProfesorJose477458857JR4@gmail.com' into where Jose writes his email, Jose select September on where Jose selects his birth month, Jose select 7 on where Jose selects his birth day, Jose select 1996 on where Jose selects his birth year]]
[Test worker] WARN net.thucydides.core.steps.BaseStepListener - stepStarted: net.thucydides.core.steps.ExecutedStepDescription@2eb7f78d
[Test worker] WARN net.thucydides.core.steps.BaseStepListener - stepFinished: current outcome:Create a new user:Given that jose wants to create a new user in uTest website [Jose open up [Jose opens the U test page]], When he fills out the form to create a new user [Jose sign up [Jose clicks on button that shows us the application form to sign up, Jose enters 'Jose' into where Jose writes his first name, Jose enters 'Rodriguez' into where Jose writes his name, Jose enters 'ProfesorJose477458857JR4@gmail.com' into where Jose writes his email, Jose select September on where Jose selects his birth month, Jose select 7 on where Jose selects his birth day, Jose select 1996 on where Jose selects his birth year, Jose clicks on button that takes Jose to fill the fields with his location]]
[Test worker] WARN net.thucydides.core.steps.BaseStepListener - stepStarted: net.thucydides.core.steps.ExecutedStepDescription@63d746b3
[Test worker] WARN net.thucydides.core.steps.BaseStepListener - stepFinished: current outcome:Create a new user:Given that jose wants to create a new user in uTest website [Jose open up [Jose opens the U test page]], When he fills out the form to create a new user [Jose sign up [Jose clicks on button that shows us the application form to sign up, Jose enters 'Jose' into where Jose writes his first name, Jose enters 'Rodriguez' into where Jose writes his name, Jose enters 'ProfesorJose477458857JR4@gmail.com' into where Jose writes his email, Jose select September on where Jose selects his birth month, Jose select 7 on where Jose selects his birth day, Jose select 1996 on where Jose selects his birth year, Jose clicks on button that takes Jose to fill the fields with his location, Jose enters 'G96F+70H' into where Jose writes his zip code]]
[Test worker] WARN net.thucydides.core.steps.BaseStepListener - stepStarted: net.thucydides.core.steps.ExecutedStepDescription@e74c53d
[Test worker] WARN net.thucydides.core.steps.BaseStepListener - stepFinished: current outcome:Create a new user:Given that jose wants to create a new user in uTest website [Jose open up [Jose opens the U test page]], When he fills out the form to create a new user [Jose sign up [Jose clicks on button that shows us the application form to sign up, Jose enters 'Jose' into where Jose writes his first name, Jose enters 'Rodriguez' into where Jose writes his name, Jose enters 'ProfesorJose477458857JR4@gmail.com' into where Jose writes his email, Jose select September on where Jose selects his birth month, Jose select 7 on where Jose selects his birth day, Jose select 1996 on where Jose selects his birth year, Jose clicks on button that takes Jose to fill the fields with his location, Jose enters 'G96F+70H' into where Jose writes his zip code, Jose clicks on button that shows to Jose first, the devices he use and, followed by the fields to enter the password and accept privacy terms]]
[Test worker] WARN net.thucydides.core.steps.BaseStepListener - stepStarted: net.thucydides.core.steps.ExecutedStepDescription@486a79c
[Test worker] WARN net.thucydides.core.steps.BaseStepListener - stepFinished: current outcome:Create a new user:Given that jose wants to create a new user in uTest website [Jose open up [Jose opens the U test page]], When he fills out the form to create a new user [Jose sign up [Jose clicks on button that shows us the application form to sign up, Jose enters 'Jose' into where Jose writes his first name, Jose enters 'Rodriguez' into where Jose writes his name, Jose enters 'ProfesorJose477458857JR4@gmail.com' into where Jose writes his email, Jose select September on where Jose selects his birth month, Jose select 7 on where Jose selects his birth day, Jose select 1996 on where Jose selects his birth year, Jose clicks on button that takes Jose to fill the fields with his location, Jose enters 'G96F+70H' into where Jose writes his zip code, Jose clicks on button that shows to Jose first, the devices he use and, followed by the fields to enter the password and accept privacy terms, Jose clicks on button that shows to Jose first, the devices he use and, followed by the fields to enter the password and accept privacy terms]]
[Test worker] WARN net.thucydides.core.steps.BaseStepListener - stepStarted: net.thucydides.core.steps.ExecutedStepDescription@54264d35
[Test worker] WARN net.thucydides.core.steps.BaseStepListener - stepFinished: current outcome:Create a new user:Given that jose wants to create a new user in uTest website [Jose open up [Jose opens the U test page]], When he fills out the form to create a new user [Jose sign up [Jose clicks on button that shows us the application form to sign up, Jose enters 'Jose' into where Jose writes his first name, Jose enters 'Rodriguez' into where Jose writes his name, Jose enters 'ProfesorJose477458857JR4@gmail.com' into where Jose writes his email, Jose select September on where Jose selects his birth month, Jose select 7 on where Jose selects his birth day, Jose select 1996 on where Jose selects his birth year, Jose clicks on button that takes Jose to fill the fields with his location, Jose enters 'G96F+70H' into where Jose writes his zip code, Jose clicks on button that shows to Jose first, the devices he use and, followed by the fields to enter the password and accept privacy terms, Jose clicks on button that shows to Jose first, the devices he use and, followed by the fields to enter the password and accept privacy terms, Jose enters 'Intel972011*' into where Jose enters his new password]]
[Test worker] WARN net.thucydides.core.steps.BaseStepListener - stepStarted: net.thucydides.core.steps.ExecutedStepDescription@58c08735
[Test worker] WARN net.thucydides.core.steps.BaseStepListener - stepFinished: current outcome:Create a new user:Given that jose wants to create a new user in uTest website [Jose open up [Jose opens the U test page]], When he fills out the form to create a new user [Jose sign up [Jose clicks on button that shows us the application form to sign up, Jose enters 'Jose' into where Jose writes his first name, Jose enters 'Rodriguez' into where Jose writes his name, Jose enters 'ProfesorJose477458857JR4@gmail.com' into where Jose writes his email, Jose select September on where Jose selects his birth month, Jose select 7 on where Jose selects his birth day, Jose select 1996 on where Jose selects his birth year, Jose clicks on button that takes Jose to fill the fields with his location, Jose enters 'G96F+70H' into where Jose writes his zip code, Jose clicks on button that shows to Jose first, the devices he use and, followed by the fields to enter the password and accept privacy terms, Jose clicks on button that shows to Jose first, the devices he use and, followed by the fields to enter the password and accept privacy terms, Jose enters 'Intel972011*' into where Jose enters his new password, Jose enters 'Intel972011*' into where Jose enters again the password to confirm]]
[Test worker] WARN net.thucydides.core.steps.BaseStepListener - stepStarted: net.thucydides.core.steps.ExecutedStepDescription@3889cc08
[Test worker] WARN net.thucydides.core.steps.BaseStepListener - stepFinished: current outcome:Create a new user:Given that jose wants to create a new user in uTest website [Jose open up [Jose opens the U test page]], When he fills out the form to create a new user [Jose sign up [Jose clicks on button that shows us the application form to sign up, Jose enters 'Jose' into where Jose writes his first name, Jose enters 'Rodriguez' into where Jose writes his name, Jose enters 'ProfesorJose477458857JR4@gmail.com' into where Jose writes his email, Jose select September on where Jose selects his birth month, Jose select 7 on where Jose selects his birth day, Jose select 1996 on where Jose selects his birth year, Jose clicks on button that takes Jose to fill the fields with his location, Jose enters 'G96F+70H' into where Jose writes his zip code, Jose clicks on button that shows to Jose first, the devices he use and, followed by the fields to enter the password and accept privacy terms, Jose clicks on button that shows to Jose first, the devices he use and, followed by the fields to enter the password and accept privacy terms, Jose enters 'Intel972011*' into where Jose enters his new password, Jose enters 'Intel972011*' into where Jose enters again the password to confirm, Jose clicks on where Jose clicks on a terms checkbox to accept them ]]
[Test worker] WARN net.thucydides.core.steps.BaseStepListener - stepStarted: net.thucydides.core.steps.ExecutedStepDescription@78688808
[Test worker] WARN net.thucydides.core.steps.BaseStepListener - stepFinished: current outcome:Create a new user:Given that jose wants to create a new user in uTest website [Jose open up [Jose opens the U test page]], When he fills out the form to create a new user [Jose sign up [Jose clicks on button that shows us the application form to sign up, Jose enters 'Jose' into where Jose writes his first name, Jose enters 'Rodriguez' into where Jose writes his name, Jose enters 'ProfesorJose477458857JR4@gmail.com' into where Jose writes his email, Jose select September on where Jose selects his birth month, Jose select 7 on where Jose selects his birth day, Jose select 1996 on where Jose selects his birth year, Jose clicks on button that takes Jose to fill the fields with his location, Jose enters 'G96F+70H' into where Jose writes his zip code, Jose clicks on button that shows to Jose first, the devices he use and, followed by the fields to enter the password and accept privacy terms, Jose clicks on button that shows to Jose first, the devices he use and, followed by the fields to enter the password and accept privacy terms, Jose enters 'Intel972011*' into where Jose enters his new password, Jose enters 'Intel972011*' into where Jose enters again the password to confirm, Jose clicks on where Jose clicks on a terms checkbox to accept them , Jose clicks on where Jose clicks on a privacy policies checkbox to accept and get his account]]
[Test worker] WARN net.thucydides.core.steps.BaseStepListener - stepStarted: net.thucydides.core.steps.ExecutedStepDescription@472d331e
[Test worker] WARN net.thucydides.core.steps.BaseStepListener - stepFinished: current outcome:Create a new user:Given that jose wants to create a new user in uTest website [Jose open up [Jose opens the U test page]], When he fills out the form to create a new user [Jose sign up [Jose clicks on button that shows us the application form to sign up, Jose enters 'Jose' into where Jose writes his first name, Jose enters 'Rodriguez' into where Jose writes his name, Jose enters 'ProfesorJose477458857JR4@gmail.com' into where Jose writes his email, Jose select September on where Jose selects his birth month, Jose select 7 on where Jose selects his birth day, Jose select 1996 on where Jose selects his birth year, Jose clicks on button that takes Jose to fill the fields with his location, Jose enters 'G96F+70H' into where Jose writes his zip code, Jose clicks on button that shows to Jose first, the devices he use and, followed by the fields to enter the password and accept privacy terms, Jose clicks on button that shows to Jose first, the devices he use and, followed by the fields to enter the password and accept privacy terms, Jose enters 'Intel972011*' into where Jose enters his new password, Jose enters 'Intel972011*' into where Jose enters again the password to confirm, Jose clicks on where Jose clicks on a terms checkbox to accept them , Jose clicks on where Jose clicks on a privacy policies checkbox to accept and get his account, Jose clicks on button that ends the application form and confirm the creation of the new user]]
[Test worker] WARN net.thucydides.core.steps.BaseStepListener - stepFinished: current outcome:Create a new user:Given that jose wants to create a new user in uTest website [Jose open up [Jose opens the U test page]], When he fills out the form to create a new user [Jose sign up [Jose clicks on button that shows us the application form to sign up, Jose enters 'Jose' into where Jose writes his first name, Jose enters 'Rodriguez' into where Jose writes his name, Jose enters 'ProfesorJose477458857JR4@gmail.com' into where Jose writes his email, Jose select September on where Jose selects his birth month, Jose select 7 on where Jose selects his birth day, Jose select 1996 on where Jose selects his birth year, Jose clicks on button that takes Jose to fill the fields with his location, Jose enters 'G96F+70H' into where Jose writes his zip code, Jose clicks on button that shows to Jose first, the devices he use and, followed by the fields to enter the password and accept privacy terms, Jose clicks on button that shows to Jose first, the devices he use and, followed by the fields to enter the password and accept privacy terms, Jose enters 'Intel972011*' into where Jose enters his new password, Jose enters 'Intel972011*' into where Jose enters again the password to confirm, Jose clicks on where Jose clicks on a terms checkbox to accept them , Jose clicks on where Jose clicks on a privacy policies checkbox to accept and get his account, Jose clicks on button that ends the application form and confirm the creation of the new user]]
[Test worker] WARN net.thucydides.core.steps.BaseStepListener - stepStarted: net.thucydides.core.steps.ExecutedStepDescription@7a242c9f
[Test worker] WARN net.thucydides.core.steps.BaseStepListener - stepStarted: net.thucydides.core.steps.ExecutedStepDescription@6dc9fbe2
[Test worker] WARN net.thucydides.core.steps.BaseStepListener - stepFinished: current outcome:Create a new user:Given that jose wants to create a new user in uTest website [Jose open up [Jose opens the U test page]], When he fills out the form to create a new user [Jose sign up [Jose clicks on button that shows us the application form to sign up, Jose enters 'Jose' into where Jose writes his first name, Jose enters 'Rodriguez' into where Jose writes his name, Jose enters 'ProfesorJose477458857JR4@gmail.com' into where Jose writes his email, Jose select September on where Jose selects his birth month, Jose select 7 on where Jose selects his birth day, Jose select 1996 on where Jose selects his birth year, Jose clicks on button that takes Jose to fill the fields with his location, Jose enters 'G96F+70H' into where Jose writes his zip code, Jose clicks on button that shows to Jose first, the devices he use and, followed by the fields to enter the password and accept privacy terms, Jose clicks on button that shows to Jose first, the devices he use and, followed by the fields to enter the password and accept privacy terms, Jose enters 'Intel972011*' into where Jose enters his new password, Jose enters 'Intel972011*' into where Jose enters again the password to confirm, Jose clicks on where Jose clicks on a terms checkbox to accept them , Jose clicks on where Jose clicks on a privacy policies checkbox to accept and get his account, Jose clicks on button that ends the application form and confirm the creation of the new user], Jose open up [Jose opens the U test page]]
[Test worker] WARN net.thucydides.core.steps.BaseStepListener - stepFinished: current outcome:Create a new user:Given that jose wants to create a new user in uTest website [Jose open up [Jose opens the U test page]], When he fills out the form to create a new user [Jose sign up [Jose clicks on button that shows us the application form to sign up, Jose enters 'Jose' into where Jose writes his first name, Jose enters 'Rodriguez' into where Jose writes his name, Jose enters 'ProfesorJose477458857JR4@gmail.com' into where Jose writes his email, Jose select September on where Jose selects his birth month, Jose select 7 on where Jose selects his birth day, Jose select 1996 on where Jose selects his birth year, Jose clicks on button that takes Jose to fill the fields with his location, Jose enters 'G96F+70H' into where Jose writes his zip code, Jose clicks on button that shows to Jose first, the devices he use and, followed by the fields to enter the password and accept privacy terms, Jose clicks on button that shows to Jose first, the devices he use and, followed by the fields to enter the password and accept privacy terms, Jose enters 'Intel972011*' into where Jose enters his new password, Jose enters 'Intel972011*' into where Jose enters again the password to confirm, Jose clicks on where Jose clicks on a terms checkbox to accept them , Jose clicks on where Jose clicks on a privacy policies checkbox to accept and get his account, Jose clicks on button that ends the application form and confirm the creation of the new user], Jose open up [Jose opens the U test page]]
[Test worker] WARN net.thucydides.core.steps.BaseStepListener - stepStarted: net.thucydides.core.steps.ExecutedStepDescription@6933c84f
[Test worker] WARN net.thucydides.core.steps.BaseStepListener - stepStarted: net.thucydides.core.steps.ExecutedStepDescription@5d9dd2c9
[Test worker] WARN net.thucydides.core.steps.BaseStepListener - stepFinished: current outcome:Create a new user:Given that jose wants to create a new user in uTest website [Jose open up [Jose opens the U test page]], When he fills out the form to create a new user [Jose sign up [Jose clicks on button that shows us the application form to sign up, Jose enters 'Jose' into where Jose writes his first name, Jose enters 'Rodriguez' into where Jose writes his name, Jose enters 'ProfesorJose477458857JR4@gmail.com' into where Jose writes his email, Jose select September on where Jose selects his birth month, Jose select 7 on where Jose selects his birth day, Jose select 1996 on where Jose selects his birth year, Jose clicks on button that takes Jose to fill the fields with his location, Jose enters 'G96F+70H' into where Jose writes his zip code, Jose clicks on button that shows to Jose first, the devices he use and, followed by the fields to enter the password and accept privacy terms, Jose clicks on button that shows to Jose first, the devices he use and, followed by the fields to enter the password and accept privacy terms, Jose enters 'Intel972011*' into where Jose enters his new password, Jose enters 'Intel972011*' into where Jose enters again the password to confirm, Jose clicks on where Jose clicks on a terms checkbox to accept them , Jose clicks on where Jose clicks on a privacy policies checkbox to accept and get his account, Jose clicks on button that ends the application form and confirm the creation of the new user], Jose open up [Jose opens the U test page], Jose log in [Jose clicks on where Jose clicks to initiate his session]]
[Test worker] WARN net.thucydides.core.steps.BaseStepListener - stepStarted: net.thucydides.core.steps.ExecutedStepDescription@5cb59f07
[Test worker] WARN net.thucydides.core.steps.BaseStepListener - stepFinished: current outcome:Create a new user:Given that jose wants to create a new user in uTest website [Jose open up [Jose opens the U test page]], When he fills out the form to create a new user [Jose sign up [Jose clicks on button that shows us the application form to sign up, Jose enters 'Jose' into where Jose writes his first name, Jose enters 'Rodriguez' into where Jose writes his name, Jose enters 'ProfesorJose477458857JR4@gmail.com' into where Jose writes his email, Jose select September on where Jose selects his birth month, Jose select 7 on where Jose selects his birth day, Jose select 1996 on where Jose selects his birth year, Jose clicks on button that takes Jose to fill the fields with his location, Jose enters 'G96F+70H' into where Jose writes his zip code, Jose clicks on button that shows to Jose first, the devices he use and, followed by the fields to enter the password and accept privacy terms, Jose clicks on button that shows to Jose first, the devices he use and, followed by the fields to enter the password and accept privacy terms, Jose enters 'Intel972011*' into where Jose enters his new password, Jose enters 'Intel972011*' into where Jose enters again the password to confirm, Jose clicks on where Jose clicks on a terms checkbox to accept them , Jose clicks on where Jose clicks on a privacy policies checkbox to accept and get his account, Jose clicks on button that ends the application form and confirm the creation of the new user], Jose open up [Jose opens the U test page], Jose log in [Jose clicks on where Jose clicks to initiate his session, Jose enters 'ProfesorJose477458857JR3@gmail.com' into where Jose puts his username]]
[Test worker] WARN net.thucydides.core.steps.BaseStepListener - stepStarted: net.thucydides.core.steps.ExecutedStepDescription@3dded6bb
[Test worker] WARN net.thucydides.core.steps.BaseStepListener - stepFinished: current outcome:Create a new user:Given that jose wants to create a new user in uTest website [Jose open up [Jose opens the U test page]], When he fills out the form to create a new user [Jose sign up [Jose clicks on button that shows us the application form to sign up, Jose enters 'Jose' into where Jose writes his first name, Jose enters 'Rodriguez' into where Jose writes his name, Jose enters 'ProfesorJose477458857JR4@gmail.com' into where Jose writes his email, Jose select September on where Jose selects his birth month, Jose select 7 on where Jose selects his birth day, Jose select 1996 on where Jose selects his birth year, Jose clicks on button that takes Jose to fill the fields with his location, Jose enters 'G96F+70H' into where Jose writes his zip code, Jose clicks on button that shows to Jose first, the devices he use and, followed by the fields to enter the password and accept privacy terms, Jose clicks on button that shows to Jose first, the devices he use and, followed by the fields to enter the password and accept privacy terms, Jose enters 'Intel972011*' into where Jose enters his new password, Jose enters 'Intel972011*' into where Jose enters again the password to confirm, Jose clicks on where Jose clicks on a terms checkbox to accept them , Jose clicks on where Jose clicks on a privacy policies checkbox to accept and get his account, Jose clicks on button that ends the application form and confirm the creation of the new user], Jose open up [Jose opens the U test page], Jose log in [Jose clicks on where Jose clicks to initiate his session, Jose enters 'ProfesorJose477458857JR3@gmail.com' into where Jose puts his username, Jose enters 'Intel972011*' into where Jose puts his password]]
[Test worker] WARN net.thucydides.core.steps.BaseStepListener - stepStarted: net.thucydides.core.steps.ExecutedStepDescription@2deb6687
[Test worker] WARN net.thucydides.core.steps.BaseStepListener - stepFinished: current outcome:Create a new user:Given that jose wants to create a new user in uTest website [Jose open up [Jose opens the U test page]], When he fills out the form to create a new user [Jose sign up [Jose clicks on button that shows us the application form to sign up, Jose enters 'Jose' into where Jose writes his first name, Jose enters 'Rodriguez' into where Jose writes his name, Jose enters 'ProfesorJose477458857JR4@gmail.com' into where Jose writes his email, Jose select September on where Jose selects his birth month, Jose select 7 on where Jose selects his birth day, Jose select 1996 on where Jose selects his birth year, Jose clicks on button that takes Jose to fill the fields with his location, Jose enters 'G96F+70H' into where Jose writes his zip code, Jose clicks on button that shows to Jose first, the devices he use and, followed by the fields to enter the password and accept privacy terms, Jose clicks on button that shows to Jose first, the devices he use and, followed by the fields to enter the password and accept privacy terms, Jose enters 'Intel972011*' into where Jose enters his new password, Jose enters 'Intel972011*' into where Jose enters again the password to confirm, Jose clicks on where Jose clicks on a terms checkbox to accept them , Jose clicks on where Jose clicks on a privacy policies checkbox to accept and get his account, Jose clicks on button that ends the application form and confirm the creation of the new user], Jose open up [Jose opens the U test page], Jose log in [Jose clicks on where Jose clicks to initiate his session, Jose enters 'ProfesorJose477458857JR3@gmail.com' into where Jose puts his username, Jose enters 'Intel972011*' into where Jose puts his password, Jose clicks on where Jose clicks to sign in]]
[Test worker] WARN net.thucydides.core.steps.BaseStepListener - stepFinished: current outcome:Create a new user:Given that jose wants to create a new user in uTest website [Jose open up [Jose opens the U test page]], When he fills out the form to create a new user [Jose sign up [Jose clicks on button that shows us the application form to sign up, Jose enters 'Jose' into where Jose writes his first name, Jose enters 'Rodriguez' into where Jose writes his name, Jose enters 'ProfesorJose477458857JR4@gmail.com' into where Jose writes his email, Jose select September on where Jose selects his birth month, Jose select 7 on where Jose selects his birth day, Jose select 1996 on where Jose selects his birth year, Jose clicks on button that takes Jose to fill the fields with his location, Jose enters 'G96F+70H' into where Jose writes his zip code, Jose clicks on button that shows to Jose first, the devices he use and, followed by the fields to enter the password and accept privacy terms, Jose clicks on button that shows to Jose first, the devices he use and, followed by the fields to enter the password and accept privacy terms, Jose enters 'Intel972011*' into where Jose enters his new password, Jose enters 'Intel972011*' into where Jose enters again the password to confirm, Jose clicks on where Jose clicks on a terms checkbox to accept them , Jose clicks on where Jose clicks on a privacy policies checkbox to accept and get his account, Jose clicks on button that ends the application form and confirm the creation of the new user], Jose open up [Jose opens the U test page], Jose log in [Jose clicks on where Jose clicks to initiate his session, Jose enters 'ProfesorJose477458857JR3@gmail.com' into where Jose puts his username, Jose enters 'Intel972011*' into where Jose puts his password, Jose clicks on where Jose clicks to sign in]]
[Test worker] WARN net.thucydides.core.steps.BaseStepListener - stepFinished: current outcome:Create a new user:Given that jose wants to create a new user in uTest website [Jose open up [Jose opens the U test page]], When he fills out the form to create a new user [Jose sign up [Jose clicks on button that shows us the application form to sign up, Jose enters 'Jose' into where Jose writes his first name, Jose enters 'Rodriguez' into where Jose writes his name, Jose enters 'ProfesorJose477458857JR4@gmail.com' into where Jose writes his email, Jose select September on where Jose selects his birth month, Jose select 7 on where Jose selects his birth day, Jose select 1996 on where Jose selects his birth year, Jose clicks on button that takes Jose to fill the fields with his location, Jose enters 'G96F+70H' into where Jose writes his zip code, Jose clicks on button that shows to Jose first, the devices he use and, followed by the fields to enter the password and accept privacy terms, Jose clicks on button that shows to Jose first, the devices he use and, followed by the fields to enter the password and accept privacy terms, Jose enters 'Intel972011*' into where Jose enters his new password, Jose enters 'Intel972011*' into where Jose enters again the password to confirm, Jose clicks on where Jose clicks on a terms checkbox to accept them , Jose clicks on where Jose clicks on a privacy policies checkbox to accept and get his account, Jose clicks on button that ends the application form and confirm the creation of the new user], Jose open up [Jose opens the U test page], Jose log in [Jose clicks on where Jose clicks to initiate his session, Jose enters 'ProfesorJose477458857JR3@gmail.com' into where Jose puts his username, Jose enters 'Intel972011*' into where Jose puts his password, Jose clicks on where Jose clicks to sign in]]
[Test worker] WARN net.thucydides.core.steps.BaseStepListener - stepStarted: net.thucydides.core.steps.ExecutedStepDescription@732dca1
[Test worker] WARN net.thucydides.core.steps.BaseStepListener - stepStarted: net.thucydides.core.steps.ExecutedStepDescription@28c0cea
[Test worker] WARN net.thucydides.core.steps.BaseStepListener - stepFinished: current outcome:Create a new user:Given that jose wants to create a new user in uTest website [Jose open up [Jose opens the U test page]], When he fills out the form to create a new user [Jose sign up [Jose clicks on button that shows us the application form to sign up, Jose enters 'Jose' into where Jose writes his first name, Jose enters 'Rodriguez' into where Jose writes his name, Jose enters 'ProfesorJose477458857JR4@gmail.com' into where Jose writes his email, Jose select September on where Jose selects his birth month, Jose select 7 on where Jose selects his birth day, Jose select 1996 on where Jose selects his birth year, Jose clicks on button that takes Jose to fill the fields with his location, Jose enters 'G96F+70H' into where Jose writes his zip code, Jose clicks on button that shows to Jose first, the devices he use and, followed by the fields to enter the password and accept privacy terms, Jose clicks on button that shows to Jose first, the devices he use and, followed by the fields to enter the password and accept privacy terms, Jose enters 'Intel972011*' into where Jose enters his new password, Jose enters 'Intel972011*' into where Jose enters again the password to confirm, Jose clicks on where Jose clicks on a terms checkbox to accept them , Jose clicks on where Jose clicks on a privacy policies checkbox to accept and get his account, Jose clicks on button that ends the application form and confirm the creation of the new user], Jose open up [Jose opens the U test page], Jose log in [Jose clicks on where Jose clicks to initiate his session, Jose enters 'ProfesorJose477458857JR3@gmail.com' into where Jose puts his username, Jose enters 'Intel972011*' into where Jose puts his password, Jose clicks on where Jose clicks to sign in]], Then he sees a button indicating Resend Confirmation Email which means his account was created but he needs to confirm first [Then answer]
[Test worker] WARN net.thucydides.core.steps.BaseStepListener - stepFinished: current outcome:Create a new user:Given that jose wants to create a new user in uTest website [Jose open up [Jose opens the U test page]], When he fills out the form to create a new user [Jose sign up [Jose clicks on button that shows us the application form to sign up, Jose enters 'Jose' into where Jose writes his first name, Jose enters 'Rodriguez' into where Jose writes his name, Jose enters 'ProfesorJose477458857JR4@gmail.com' into where Jose writes his email, Jose select September on where Jose selects his birth month, Jose select 7 on where Jose selects his birth day, Jose select 1996 on where Jose selects his birth year, Jose clicks on button that takes Jose to fill the fields with his location, Jose enters 'G96F+70H' into where Jose writes his zip code, Jose clicks on button that shows to Jose first, the devices he use and, followed by the fields to enter the password and accept privacy terms, Jose clicks on button that shows to Jose first, the devices he use and, followed by the fields to enter the password and accept privacy terms, Jose enters 'Intel972011*' into where Jose enters his new password, Jose enters 'Intel972011*' into where Jose enters again the password to confirm, Jose clicks on where Jose clicks on a terms checkbox to accept them , Jose clicks on where Jose clicks on a privacy policies checkbox to accept and get his account, Jose clicks on button that ends the application form and confirm the creation of the new user], Jose open up [Jose opens the U test page], Jose log in [Jose clicks on where Jose clicks to initiate his session, Jose enters 'ProfesorJose477458857JR3@gmail.com' into where Jose puts his username, Jose enters 'Intel972011*' into where Jose puts his password, Jose clicks on where Jose clicks to sign in]], Then he sees a button indicating Resend Confirmation Email which means his account was created but he needs to confirm first [Then answer]
[Test worker] WARN net.thucydides.core.steps.BaseStepListener - testFinished: Create a new user:Given that jose wants to create a new user in uTest website [Jose open up [Jose opens the U test page]], When he fills out the form to create a new user [Jose sign up [Jose clicks on button that shows us the application form to sign up, Jose enters 'Jose' into where Jose writes his first name, Jose enters 'Rodriguez' into where Jose writes his name, Jose enters 'ProfesorJose477458857JR4@gmail.com' into where Jose writes his email, Jose select September on where Jose selects his birth month, Jose select 7 on where Jose selects his birth day, Jose select 1996 on where Jose selects his birth year, Jose clicks on button that takes Jose to fill the fields with his location, Jose enters 'G96F+70H' into where Jose writes his zip code, Jose clicks on button that shows to Jose first, the devices he use and, followed by the fields to enter the password and accept privacy terms, Jose clicks on button that shows to Jose first, the devices he use and, followed by the fields to enter the password and accept privacy terms, Jose enters 'Intel972011*' into where Jose enters his new password, Jose enters 'Intel972011*' into where Jose enters again the password to confirm, Jose clicks on where Jose clicks on a terms checkbox to accept them , Jose clicks on where Jose clicks on a privacy policies checkbox to accept and get his account, Jose clicks on button that ends the application form and confirm the creation of the new user], Jose open up [Jose opens the U test page], Jose log in [Jose clicks on where Jose clicks to initiate his session, Jose enters 'ProfesorJose477458857JR3@gmail.com' into where Jose puts his username, Jose enters 'Intel972011*' into where Jose puts his password, Jose clicks on where Jose clicks to sign in]], Then he sees a button indicating Resend Confirmation Email which means his account was created but he needs to confirm first [Then answer]
[Test worker] WARN net.thucydides.core.steps.BaseStepListener - TestOutcomes: [Create a new user:Given that jose wants to create a new user in uTest website [Jose open up [Jose opens the U test page]], When he fills out the form to create a new user [Jose sign up [Jose clicks on button that shows us the application form to sign up, Jose enters 'Jose' into where Jose writes his first name, Jose enters 'Rodriguez' into where Jose writes his name, Jose enters 'ProfesorJose477458857JR4@gmail.com' into where Jose writes his email, Jose select September on where Jose selects his birth month, Jose select 7 on where Jose selects his birth day, Jose select 1996 on where Jose selects his birth year, Jose clicks on button that takes Jose to fill the fields with his location, Jose enters 'G96F+70H' into where Jose writes his zip code, Jose clicks on button that shows to Jose first, the devices he use and, followed by the fields to enter the password and accept privacy terms, Jose clicks on button that shows to Jose first, the devices he use and, followed by the fields to enter the password and accept privacy terms, Jose enters 'Intel972011*' into where Jose enters his new password, Jose enters 'Intel972011*' into where Jose enters again the password to confirm, Jose clicks on where Jose clicks on a terms checkbox to accept them , Jose clicks on where Jose clicks on a privacy policies checkbox to accept and get his account, Jose clicks on button that ends the application form and confirm the creation of the new user], Jose open up [Jose opens the U test page], Jose log in [Jose clicks on where Jose clicks to initiate his session, Jose enters 'ProfesorJose477458857JR3@gmail.com' into where Jose puts his username, Jose enters 'Intel972011*' into where Jose puts his password, Jose clicks on where Jose clicks to sign in]], Then he sees a button indicating Resend Confirmation Email which means his account was created but he needs to confirm first [Then answer]]
[Test worker] WARN net.thucydides.core.steps.BaseStepListener - Final testOutcomes: [Create a new user:Given that jose wants to create a new user in uTest website [Jose open up [Jose opens the U test page]], When he fills out the form to create a new user [Jose sign up [Jose clicks on button that shows us the application form to sign up, Jose enters 'Jose' into where Jose writes his first name, Jose enters 'Rodriguez' into where Jose writes his name, Jose enters 'ProfesorJose477458857JR4@gmail.com' into where Jose writes his email, Jose select September on where Jose selects his birth month, Jose select 7 on where Jose selects his birth day, Jose select 1996 on where Jose selects his birth year, Jose clicks on button that takes Jose to fill the fields with his location, Jose enters 'G96F+70H' into where Jose writes his zip code, Jose clicks on button that shows to Jose first, the devices he use and, followed by the fields to enter the password and accept privacy terms, Jose clicks on button that shows to Jose first, the devices he use and, followed by the fields to enter the password and accept privacy terms, Jose enters 'Intel972011*' into where Jose enters his new password, Jose enters 'Intel972011*' into where Jose enters again the password to confirm, Jose clicks on where Jose clicks on a terms checkbox to accept them , Jose clicks on where Jose clicks on a privacy policies checkbox to accept and get his account, Jose clicks on button that ends the application form and confirm the creation of the new user], Jose open up [Jose opens the U test page], Jose log in [Jose clicks on where Jose clicks to initiate his session, Jose enters 'ProfesorJose477458857JR3@gmail.com' into where Jose puts his username, Jose enters 'Intel972011*' into where Jose puts his password, Jose clicks on where Jose clicks to sign in]], Then he sees a button indicating Resend Confirmation Email which means his account was created but he needs to confirm first [Then answer]]
[Test worker] INFO net.thucydides.core.steps.ConsoleLoggingListener - 
        __    _____ _____ ____ _____   ____   _    ____  ____  _____ ____  
  _     \ \  |_   _| ____/ ___|_   _| |  _ \ / \  / ___|/ ___|| ____|  _ \ 
 (_)_____| |   | | |  _| \___ \ | |   | |_) / _ \ \___ \\___ \|  _| | | | |
  _|_____| |   | | | |___ ___) || |   |  __/ ___ \ ___) |___) | |___| |_| |
 (_)     | |   |_| |_____|____/ |_|   |_| /_/   \_\____/|____/|_____|____/ 
        /_/                                                                

TEST PASSED: Create a new user
----------------------------------------------------------------------------
]]></system-err>
</testsuite>
