<?xml version="1.0" encoding="UTF-8"?>
<testsuite name="uTest Project" tests="1" skipped="0" failures="0" errors="0" timestamp="2022-05-25T05:49:21" hostname="DESKTOP-M5RDM69" time="27.888">
  <properties/>
  <testcase name="Create a new user" classname="uTest Project" time="27.888"/>
  <system-out><![CDATA[]]></system-out>
  <system-err><![CDATA[[Test worker] WARN net.thucydides.core.steps.BaseStepListener - stepStarted: net.thucydides.core.steps.ExecutedStepDescription@20df1b04
[Test worker] WARN net.thucydides.core.steps.BaseStepListener - stepStarted: net.thucydides.core.steps.ExecutedStepDescription@6e708711
[Test worker] WARN net.thucydides.core.steps.BaseStepListener - stepStarted: net.thucydides.core.steps.ExecutedStepDescription@6b2dc88e
May 25, 2022 12:49:21 AM org.openqa.selenium.remote.DesiredCapabilities chrome
INFO: Using `new ChromeOptions()` is preferred to `DesiredCapabilities.chrome()`
[Test worker] INFO net.serenitybdd.core.webdriver.driverproviders.ProvideNewDriver - Instantiating driver
[Test worker] INFO net.serenitybdd.core.webdriver.driverproviders.ProvideNewDriver - Driver capabilities: Capabilities {acceptInsecureCerts: false, browserName: chrome, chrome.switches: --start-maximized, goog:chromeOptions: {args: [--start-maximized], extensions: []}, loggingPrefs: org.openqa.selenium.logging..., platform: ANY, version: }
Starting ChromeDriver 101.0.4951.41 (93c720db8323b3ec10d056025ab95c23a31997c9-refs/branch-heads/4951@{#904}) on port 14214
Only local connections are allowed.
Please see https://chromedriver.chromium.org/security-considerations for suggestions on keeping ChromeDriver safe.
ChromeDriver was started successfully.
May 25, 2022 12:49:24 AM org.openqa.selenium.remote.ProtocolHandshake createSession
INFO: Detected dialect: W3C
[Test worker] WARN net.thucydides.core.steps.BaseStepListener - stepFinished: current outcome:Create a new user:Given that jose wants to create a new user in uTest website [Jose open up [Jose opens the U test page]]
[Test worker] WARN net.thucydides.core.steps.BaseStepListener - stepFinished: current outcome:Create a new user:Given that jose wants to create a new user in uTest website [Jose open up [Jose opens the U test page]]
[Test worker] WARN net.thucydides.core.steps.BaseStepListener - stepFinished: current outcome:Create a new user:Given that jose wants to create a new user in uTest website [Jose open up [Jose opens the U test page]]
[Test worker] WARN net.thucydides.core.steps.BaseStepListener - stepStarted: net.thucydides.core.steps.ExecutedStepDescription@40f0efd7
[Test worker] WARN net.thucydides.core.steps.BaseStepListener - stepStarted: net.thucydides.core.steps.ExecutedStepDescription@27614d14
[Test worker] WARN net.thucydides.core.steps.BaseStepListener - stepStarted: net.thucydides.core.steps.ExecutedStepDescription@5f2e8794
[Test worker] WARN net.thucydides.core.steps.BaseStepListener - stepFinished: current outcome:Create a new user:Given that jose wants to create a new user in uTest website [Jose open up [Jose opens the U test page]], When he fills out the form to create a new user [Jose sign up [Jose clicks on button that shows us the form to sign up]]
[Test worker] WARN net.thucydides.core.steps.BaseStepListener - stepStarted: net.thucydides.core.steps.ExecutedStepDescription@5432365c
[Test worker] WARN net.thucydides.core.steps.BaseStepListener - stepFinished: current outcome:Create a new user:Given that jose wants to create a new user in uTest website [Jose open up [Jose opens the U test page]], When he fills out the form to create a new user [Jose sign up [Jose clicks on button that shows us the form to sign up, Jose enters 'Jose' into where do we write the first name of the user]]
[Test worker] WARN net.thucydides.core.steps.BaseStepListener - stepStarted: net.thucydides.core.steps.ExecutedStepDescription@77e7f0af
[Test worker] WARN net.thucydides.core.steps.BaseStepListener - stepFinished: current outcome:Create a new user:Given that jose wants to create a new user in uTest website [Jose open up [Jose opens the U test page]], When he fills out the form to create a new user [Jose sign up [Jose clicks on button that shows us the form to sign up, Jose enters 'Jose' into where do we write the first name of the user, Jose enters 'Rodriguez' into where do we write the last name of the user]]
[Test worker] WARN net.thucydides.core.steps.BaseStepListener - stepStarted: net.thucydides.core.steps.ExecutedStepDescription@35332cf8
[Test worker] WARN net.thucydides.core.steps.BaseStepListener - stepFinished: current outcome:Create a new user:Given that jose wants to create a new user in uTest website [Jose open up [Jose opens the U test page]], When he fills out the form to create a new user [Jose sign up [Jose clicks on button that shows us the form to sign up, Jose enters 'Jose' into where do we write the first name of the user, Jose enters 'Rodriguez' into where do we write the last name of the user, Jose enters 'ProfesorJose4002@gmail.com' into where do we write the email of the user]]
[Test worker] WARN net.thucydides.core.steps.BaseStepListener - stepStarted: net.thucydides.core.steps.ExecutedStepDescription@35c5ebe3
[Test worker] WARN net.thucydides.core.steps.BaseStepListener - stepFinished: current outcome:Create a new user:Given that jose wants to create a new user in uTest website [Jose open up [Jose opens the U test page]], When he fills out the form to create a new user [Jose sign up [Jose clicks on button that shows us the form to sign up, Jose enters 'Jose' into where do we write the first name of the user, Jose enters 'Rodriguez' into where do we write the last name of the user, Jose enters 'ProfesorJose4002@gmail.com' into where do we write the email of the user, Jose select September on where do we select the birth month]]
[Test worker] WARN net.thucydides.core.steps.BaseStepListener - stepStarted: net.thucydides.core.steps.ExecutedStepDescription@d5b78c
[Test worker] WARN net.thucydides.core.steps.BaseStepListener - stepFinished: current outcome:Create a new user:Given that jose wants to create a new user in uTest website [Jose open up [Jose opens the U test page]], When he fills out the form to create a new user [Jose sign up [Jose clicks on button that shows us the form to sign up, Jose enters 'Jose' into where do we write the first name of the user, Jose enters 'Rodriguez' into where do we write the last name of the user, Jose enters 'ProfesorJose4002@gmail.com' into where do we write the email of the user, Jose select September on where do we select the birth month, Jose select 7 on where do we select the birth month]]
[Test worker] WARN net.thucydides.core.steps.BaseStepListener - stepStarted: net.thucydides.core.steps.ExecutedStepDescription@11e001b6
[Test worker] WARN net.thucydides.core.steps.BaseStepListener - stepFinished: current outcome:Create a new user:Given that jose wants to create a new user in uTest website [Jose open up [Jose opens the U test page]], When he fills out the form to create a new user [Jose sign up [Jose clicks on button that shows us the form to sign up, Jose enters 'Jose' into where do we write the first name of the user, Jose enters 'Rodriguez' into where do we write the last name of the user, Jose enters 'ProfesorJose4002@gmail.com' into where do we write the email of the user, Jose select September on where do we select the birth month, Jose select 7 on where do we select the birth month, Jose select 1996 on where do we select the birth month]]
[Test worker] WARN net.thucydides.core.steps.BaseStepListener - stepStarted: net.thucydides.core.steps.ExecutedStepDescription@70108534
[Test worker] WARN net.thucydides.core.steps.BaseStepListener - stepFinished: current outcome:Create a new user:Given that jose wants to create a new user in uTest website [Jose open up [Jose opens the U test page]], When he fills out the form to create a new user [Jose sign up [Jose clicks on button that shows us the form to sign up, Jose enters 'Jose' into where do we write the first name of the user, Jose enters 'Rodriguez' into where do we write the last name of the user, Jose enters 'ProfesorJose4002@gmail.com' into where do we write the email of the user, Jose select September on where do we select the birth month, Jose select 7 on where do we select the birth month, Jose select 1996 on where do we select the birth month, Jose clicks on button that shows us the next form to sign up]]
[Test worker] WARN net.thucydides.core.steps.BaseStepListener - stepStarted: net.thucydides.core.steps.ExecutedStepDescription@3579b238
[Test worker] WARN net.thucydides.core.steps.BaseStepListener - stepFinished: current outcome:Create a new user:Given that jose wants to create a new user in uTest website [Jose open up [Jose opens the U test page]], When he fills out the form to create a new user [Jose sign up [Jose clicks on button that shows us the form to sign up, Jose enters 'Jose' into where do we write the first name of the user, Jose enters 'Rodriguez' into where do we write the last name of the user, Jose enters 'ProfesorJose4002@gmail.com' into where do we write the email of the user, Jose select September on where do we select the birth month, Jose select 7 on where do we select the birth month, Jose select 1996 on where do we select the birth month, Jose clicks on button that shows us the next form to sign up, Jose enters 'G96F+49H' into where do we type our zip code]]
[Test worker] WARN net.thucydides.core.steps.BaseStepListener - stepStarted: net.thucydides.core.steps.ExecutedStepDescription@2cc668f2
[Test worker] WARN net.thucydides.core.steps.BaseStepListener - stepFinished: current outcome:Create a new user:Given that jose wants to create a new user in uTest website [Jose open up [Jose opens the U test page]], When he fills out the form to create a new user [Jose sign up [Jose clicks on button that shows us the form to sign up, Jose enters 'Jose' into where do we write the first name of the user, Jose enters 'Rodriguez' into where do we write the last name of the user, Jose enters 'ProfesorJose4002@gmail.com' into where do we write the email of the user, Jose select September on where do we select the birth month, Jose select 7 on where do we select the birth month, Jose select 1996 on where do we select the birth month, Jose clicks on button that shows us the next form to sign up, Jose enters 'G96F+49H' into where do we type our zip code, Jose clicks on second button that shows us the next form to sign up]]
[Test worker] WARN net.thucydides.core.steps.BaseStepListener - stepStarted: net.thucydides.core.steps.ExecutedStepDescription@1795d3c0
[Test worker] WARN net.thucydides.core.steps.BaseStepListener - stepFinished: current outcome:Create a new user:Given that jose wants to create a new user in uTest website [Jose open up [Jose opens the U test page]], When he fills out the form to create a new user [Jose sign up [Jose clicks on button that shows us the form to sign up, Jose enters 'Jose' into where do we write the first name of the user, Jose enters 'Rodriguez' into where do we write the last name of the user, Jose enters 'ProfesorJose4002@gmail.com' into where do we write the email of the user, Jose select September on where do we select the birth month, Jose select 7 on where do we select the birth month, Jose select 1996 on where do we select the birth month, Jose clicks on button that shows us the next form to sign up, Jose enters 'G96F+49H' into where do we type our zip code, Jose clicks on second button that shows us the next form to sign up, Jose clicks on second button that shows us the next form to sign up]]
[Test worker] WARN net.thucydides.core.steps.BaseStepListener - stepStarted: net.thucydides.core.steps.ExecutedStepDescription@3e2a8a62
[Test worker] WARN net.thucydides.core.steps.BaseStepListener - stepFinished: current outcome:Create a new user:Given that jose wants to create a new user in uTest website [Jose open up [Jose opens the U test page]], When he fills out the form to create a new user [Jose sign up [Jose clicks on button that shows us the form to sign up, Jose enters 'Jose' into where do we write the first name of the user, Jose enters 'Rodriguez' into where do we write the last name of the user, Jose enters 'ProfesorJose4002@gmail.com' into where do we write the email of the user, Jose select September on where do we select the birth month, Jose select 7 on where do we select the birth month, Jose select 1996 on where do we select the birth month, Jose clicks on button that shows us the next form to sign up, Jose enters 'G96F+49H' into where do we type our zip code, Jose clicks on second button that shows us the next form to sign up, Jose clicks on second button that shows us the next form to sign up, Jose enters 'Intel972011*' into where do we type the new password]]
[Test worker] WARN net.thucydides.core.steps.BaseStepListener - stepStarted: net.thucydides.core.steps.ExecutedStepDescription@3515dd66
[Test worker] WARN net.thucydides.core.steps.BaseStepListener - stepFinished: current outcome:Create a new user:Given that jose wants to create a new user in uTest website [Jose open up [Jose opens the U test page]], When he fills out the form to create a new user [Jose sign up [Jose clicks on button that shows us the form to sign up, Jose enters 'Jose' into where do we write the first name of the user, Jose enters 'Rodriguez' into where do we write the last name of the user, Jose enters 'ProfesorJose4002@gmail.com' into where do we write the email of the user, Jose select September on where do we select the birth month, Jose select 7 on where do we select the birth month, Jose select 1996 on where do we select the birth month, Jose clicks on button that shows us the next form to sign up, Jose enters 'G96F+49H' into where do we type our zip code, Jose clicks on second button that shows us the next form to sign up, Jose clicks on second button that shows us the next form to sign up, Jose enters 'Intel972011*' into where do we type the new password, Jose enters 'Intel972011*' into where do we type the new password]]
[Test worker] WARN net.thucydides.core.steps.BaseStepListener - stepStarted: net.thucydides.core.steps.ExecutedStepDescription@422fb7ec
[Test worker] WARN net.thucydides.core.steps.BaseStepListener - stepFinished: current outcome:Create a new user:Given that jose wants to create a new user in uTest website [Jose open up [Jose opens the U test page]], When he fills out the form to create a new user [Jose sign up [Jose clicks on button that shows us the form to sign up, Jose enters 'Jose' into where do we write the first name of the user, Jose enters 'Rodriguez' into where do we write the last name of the user, Jose enters 'ProfesorJose4002@gmail.com' into where do we write the email of the user, Jose select September on where do we select the birth month, Jose select 7 on where do we select the birth month, Jose select 1996 on where do we select the birth month, Jose clicks on button that shows us the next form to sign up, Jose enters 'G96F+49H' into where do we type our zip code, Jose clicks on second button that shows us the next form to sign up, Jose clicks on second button that shows us the next form to sign up, Jose enters 'Intel972011*' into where do we type the new password, Jose enters 'Intel972011*' into where do we type the new password, Jose clicks on where we accept the terms of the web site ]]
[Test worker] WARN net.thucydides.core.steps.BaseStepListener - stepStarted: net.thucydides.core.steps.ExecutedStepDescription@37c2076b
[Test worker] WARN net.thucydides.core.steps.BaseStepListener - stepFinished: current outcome:Create a new user:Given that jose wants to create a new user in uTest website [Jose open up [Jose opens the U test page]], When he fills out the form to create a new user [Jose sign up [Jose clicks on button that shows us the form to sign up, Jose enters 'Jose' into where do we write the first name of the user, Jose enters 'Rodriguez' into where do we write the last name of the user, Jose enters 'ProfesorJose4002@gmail.com' into where do we write the email of the user, Jose select September on where do we select the birth month, Jose select 7 on where do we select the birth month, Jose select 1996 on where do we select the birth month, Jose clicks on button that shows us the next form to sign up, Jose enters 'G96F+49H' into where do we type our zip code, Jose clicks on second button that shows us the next form to sign up, Jose clicks on second button that shows us the next form to sign up, Jose enters 'Intel972011*' into where do we type the new password, Jose enters 'Intel972011*' into where do we type the new password, Jose clicks on where we accept the terms of the web site , Jose clicks on where we accept the terms of the web site ]]
[Test worker] WARN net.thucydides.core.steps.BaseStepListener - stepStarted: net.thucydides.core.steps.ExecutedStepDescription@717bcbd
[Test worker] WARN net.thucydides.core.steps.BaseStepListener - stepFinished: current outcome:Create a new user:Given that jose wants to create a new user in uTest website [Jose open up [Jose opens the U test page]], When he fills out the form to create a new user [Jose sign up [Jose clicks on button that shows us the form to sign up, Jose enters 'Jose' into where do we write the first name of the user, Jose enters 'Rodriguez' into where do we write the last name of the user, Jose enters 'ProfesorJose4002@gmail.com' into where do we write the email of the user, Jose select September on where do we select the birth month, Jose select 7 on where do we select the birth month, Jose select 1996 on where do we select the birth month, Jose clicks on button that shows us the next form to sign up, Jose enters 'G96F+49H' into where do we type our zip code, Jose clicks on second button that shows us the next form to sign up, Jose clicks on second button that shows us the next form to sign up, Jose enters 'Intel972011*' into where do we type the new password, Jose enters 'Intel972011*' into where do we type the new password, Jose clicks on where we accept the terms of the web site , Jose clicks on where we accept the terms of the web site , Jose clicks on third button that shows us the next form to sign up]]
[Test worker] WARN net.thucydides.core.steps.BaseStepListener - stepFinished: current outcome:Create a new user:Given that jose wants to create a new user in uTest website [Jose open up [Jose opens the U test page]], When he fills out the form to create a new user [Jose sign up [Jose clicks on button that shows us the form to sign up, Jose enters 'Jose' into where do we write the first name of the user, Jose enters 'Rodriguez' into where do we write the last name of the user, Jose enters 'ProfesorJose4002@gmail.com' into where do we write the email of the user, Jose select September on where do we select the birth month, Jose select 7 on where do we select the birth month, Jose select 1996 on where do we select the birth month, Jose clicks on button that shows us the next form to sign up, Jose enters 'G96F+49H' into where do we type our zip code, Jose clicks on second button that shows us the next form to sign up, Jose clicks on second button that shows us the next form to sign up, Jose enters 'Intel972011*' into where do we type the new password, Jose enters 'Intel972011*' into where do we type the new password, Jose clicks on where we accept the terms of the web site , Jose clicks on where we accept the terms of the web site , Jose clicks on third button that shows us the next form to sign up]]
[Test worker] WARN net.thucydides.core.steps.BaseStepListener - stepFinished: current outcome:Create a new user:Given that jose wants to create a new user in uTest website [Jose open up [Jose opens the U test page]], When he fills out the form to create a new user [Jose sign up [Jose clicks on button that shows us the form to sign up, Jose enters 'Jose' into where do we write the first name of the user, Jose enters 'Rodriguez' into where do we write the last name of the user, Jose enters 'ProfesorJose4002@gmail.com' into where do we write the email of the user, Jose select September on where do we select the birth month, Jose select 7 on where do we select the birth month, Jose select 1996 on where do we select the birth month, Jose clicks on button that shows us the next form to sign up, Jose enters 'G96F+49H' into where do we type our zip code, Jose clicks on second button that shows us the next form to sign up, Jose clicks on second button that shows us the next form to sign up, Jose enters 'Intel972011*' into where do we type the new password, Jose enters 'Intel972011*' into where do we type the new password, Jose clicks on where we accept the terms of the web site , Jose clicks on where we accept the terms of the web site , Jose clicks on third button that shows us the next form to sign up]]
[Test worker] WARN net.thucydides.core.steps.BaseStepListener - stepStarted: net.thucydides.core.steps.ExecutedStepDescription@24af5e0f
[Test worker] WARN net.thucydides.core.steps.BaseStepListener - stepFinished: current outcome:Create a new user:Given that jose wants to create a new user in uTest website [Jose open up [Jose opens the U test page]], When he fills out the form to create a new user [Jose sign up [Jose clicks on button that shows us the form to sign up, Jose enters 'Jose' into where do we write the first name of the user, Jose enters 'Rodriguez' into where do we write the last name of the user, Jose enters 'ProfesorJose4002@gmail.com' into where do we write the email of the user, Jose select September on where do we select the birth month, Jose select 7 on where do we select the birth month, Jose select 1996 on where do we select the birth month, Jose clicks on button that shows us the next form to sign up, Jose enters 'G96F+49H' into where do we type our zip code, Jose clicks on second button that shows us the next form to sign up, Jose clicks on second button that shows us the next form to sign up, Jose enters 'Intel972011*' into where do we type the new password, Jose enters 'Intel972011*' into where do we type the new password, Jose clicks on where we accept the terms of the web site , Jose clicks on where we accept the terms of the web site , Jose clicks on third button that shows us the next form to sign up]], Then he gets his account
[Test worker] WARN net.thucydides.core.steps.BaseStepListener - testFinished: Create a new user:Given that jose wants to create a new user in uTest website [Jose open up [Jose opens the U test page]], When he fills out the form to create a new user [Jose sign up [Jose clicks on button that shows us the form to sign up, Jose enters 'Jose' into where do we write the first name of the user, Jose enters 'Rodriguez' into where do we write the last name of the user, Jose enters 'ProfesorJose4002@gmail.com' into where do we write the email of the user, Jose select September on where do we select the birth month, Jose select 7 on where do we select the birth month, Jose select 1996 on where do we select the birth month, Jose clicks on button that shows us the next form to sign up, Jose enters 'G96F+49H' into where do we type our zip code, Jose clicks on second button that shows us the next form to sign up, Jose clicks on second button that shows us the next form to sign up, Jose enters 'Intel972011*' into where do we type the new password, Jose enters 'Intel972011*' into where do we type the new password, Jose clicks on where we accept the terms of the web site , Jose clicks on where we accept the terms of the web site , Jose clicks on third button that shows us the next form to sign up]], Then he gets his account
[Test worker] WARN net.thucydides.core.steps.BaseStepListener - TestOutcomes: [Create a new user:Given that jose wants to create a new user in uTest website [Jose open up [Jose opens the U test page]], When he fills out the form to create a new user [Jose sign up [Jose clicks on button that shows us the form to sign up, Jose enters 'Jose' into where do we write the first name of the user, Jose enters 'Rodriguez' into where do we write the last name of the user, Jose enters 'ProfesorJose4002@gmail.com' into where do we write the email of the user, Jose select September on where do we select the birth month, Jose select 7 on where do we select the birth month, Jose select 1996 on where do we select the birth month, Jose clicks on button that shows us the next form to sign up, Jose enters 'G96F+49H' into where do we type our zip code, Jose clicks on second button that shows us the next form to sign up, Jose clicks on second button that shows us the next form to sign up, Jose enters 'Intel972011*' into where do we type the new password, Jose enters 'Intel972011*' into where do we type the new password, Jose clicks on where we accept the terms of the web site , Jose clicks on where we accept the terms of the web site , Jose clicks on third button that shows us the next form to sign up]], Then he gets his account]
[Test worker] WARN net.thucydides.core.steps.BaseStepListener - Final testOutcomes: [Create a new user:Given that jose wants to create a new user in uTest website [Jose open up [Jose opens the U test page]], When he fills out the form to create a new user [Jose sign up [Jose clicks on button that shows us the form to sign up, Jose enters 'Jose' into where do we write the first name of the user, Jose enters 'Rodriguez' into where do we write the last name of the user, Jose enters 'ProfesorJose4002@gmail.com' into where do we write the email of the user, Jose select September on where do we select the birth month, Jose select 7 on where do we select the birth month, Jose select 1996 on where do we select the birth month, Jose clicks on button that shows us the next form to sign up, Jose enters 'G96F+49H' into where do we type our zip code, Jose clicks on second button that shows us the next form to sign up, Jose clicks on second button that shows us the next form to sign up, Jose enters 'Intel972011*' into where do we type the new password, Jose enters 'Intel972011*' into where do we type the new password, Jose clicks on where we accept the terms of the web site , Jose clicks on where we accept the terms of the web site , Jose clicks on third button that shows us the next form to sign up]], Then he gets his account]
[Test worker] INFO net.thucydides.core.steps.ConsoleLoggingListener - 
        __    _____ _____ ____ _____   ____   _    ____  ____  _____ ____  
  _     \ \  |_   _| ____/ ___|_   _| |  _ \ / \  / ___|/ ___|| ____|  _ \ 
 (_)_____| |   | | |  _| \___ \ | |   | |_) / _ \ \___ \\___ \|  _| | | | |
  _|_____| |   | | | |___ ___) || |   |  __/ ___ \ ___) |___) | |___| |_| |
 (_)     | |   |_| |_____|____/ |_|   |_| /_/   \_\____/|____/|_____|____/ 
        /_/                                                                

TEST PASSED: Create a new user
----------------------------------------------------------------------------
]]></system-err>
</testsuite>
